Build started 2013-10-07 14:58:22.
     1>Project "C:\Users\mmrod_000\documents\visual studio 2010\Projects\Vigenere\Vigenere.vcxproj" on node 2 (build target(s)).
     1>InitializeBuildStatus:
         Creating "Debug\Vigenere.unsuccessfulbuild" because "AlwaysCreate" was specified.
       ClCompile:
         c:\Program Files (x86)\Microsoft Visual Studio 10.0\VC\bin\CL.exe /c /ZI /nologo /W3 /WX- /Od /Oy- /D _MBCS /Gm /EHsc /RTC1 /MDd /GS /fp:precise /Zc:wchar_t /Zc:forScope /Fo"Debug\\" /Fd"Debug\vc100.pdb" /Gd /TP /analyze- /errorReport:prompt main.cpp
         main.cpp
     1>c:\users\mmrod_000\documents\visual studio 2010\projects\vigenere\main.cpp(58): warning C4018: '<' : signed/unsigned mismatch
     1>c:\users\mmrod_000\documents\visual studio 2010\projects\vigenere\main.cpp(198): warning C4018: '<' : signed/unsigned mismatch
       Link:
         c:\Program Files (x86)\Microsoft Visual Studio 10.0\VC\bin\link.exe /ERRORREPORT:PROMPT /OUT:"C:\Users\mmrod_000\documents\visual studio 2010\Projects\Vigenere\Debug\Vigenere.exe" /NOLOGO kernel32.lib user32.lib gdi32.lib winspool.lib comdlg32.lib advapi32.lib shell32.lib ole32.lib oleaut32.lib uuid.lib odbc32.lib odbccp32.lib /MANIFEST /ManifestFile:"Debug\Vigenere.exe.intermediate.manifest" /MANIFESTUAC:"level='asInvoker' uiAccess='false'" /DEBUG /PDB:"C:\Users\mmrod_000\documents\visual studio 2010\Projects\Vigenere\Debug\Vigenere.pdb" /TLBID:1 /DYNAMICBASE /NXCOMPAT /IMPLIB:"C:\Users\mmrod_000\documents\visual studio 2010\Projects\Vigenere\Debug\Vigenere.lib" /MACHINE:X86 Debug\main.obj
         LINK : C:\Users\mmrod_000\documents\visual studio 2010\Projects\Vigenere\Debug\Vigenere.exe not found or not built by the last incremental link; performing full link
         Vigenere.vcxproj -> C:\Users\mmrod_000\documents\visual studio 2010\Projects\Vigenere\Debug\Vigenere.exe
       Manifest:
         C:\Program Files (x86)\Microsoft SDKs\Windows\v7.0A\bin\mt.exe /nologo /verbose /outputresource:"C:\Users\mmrod_000\documents\visual studio 2010\Projects\Vigenere\Debug\Vigenere.exe;#1" /manifest Debug\Vigenere.exe.intermediate.manifest
       FinalizeBuildStatus:
         Deleting file "Debug\Vigenere.unsuccessfulbuild".
         Touching "Debug\Vigenere.lastbuildstate".
     1>Done Building Project "C:\Users\mmrod_000\documents\visual studio 2010\Projects\Vigenere\Vigenere.vcxproj" (build target(s)).

Build succeeded.

Time Elapsed 00:00:02.09
