Build started 2013-10-06 18:30:48.
     1>Project "c:\Users\mmrod_000\documents\visual studio 2010\Projects\Vigenere_2\Vigenere_2.vcxproj" on node 2 (build target(s)).
     1>InitializeBuildStatus:
         Touching "Debug\Vigenere_2.unsuccessfulbuild".
       ClCompile:
         c:\Program Files (x86)\Microsoft Visual Studio 10.0\VC\bin\CL.exe /c /ZI /nologo /W3 /WX- /Od /Oy- /D _MBCS /Gm /EHsc /RTC1 /MDd /GS /fp:precise /Zc:wchar_t /Zc:forScope /Fo"Debug\\" /Fd"Debug\vc100.pdb" /Gd /TP /analyze- /errorReport:prompt main.cpp
         main.cpp
     1>c:\users\mmrod_000\documents\visual studio 2010\projects\vigenere_2\main.cpp(61): warning C4018: '<' : signed/unsigned mismatch
     1>c:\users\mmrod_000\documents\visual studio 2010\projects\vigenere_2\main.cpp(201): warning C4018: '<' : signed/unsigned mismatch
       Link:
         c:\Program Files (x86)\Microsoft Visual Studio 10.0\VC\bin\link.exe /ERRORREPORT:PROMPT /OUT:"c:\users\mmrod_000\documents\visual studio 2010\Projects\Vigenere_2\Debug\Vigenere_2.exe" /NOLOGO kernel32.lib user32.lib gdi32.lib winspool.lib comdlg32.lib advapi32.lib shell32.lib ole32.lib oleaut32.lib uuid.lib odbc32.lib odbccp32.lib /MANIFEST /ManifestFile:"Debug\Vigenere_2.exe.intermediate.manifest" /MANIFESTUAC:"level='asInvoker' uiAccess='false'" /DEBUG /PDB:"c:\users\mmrod_000\documents\visual studio 2010\Projects\Vigenere_2\Debug\Vigenere_2.pdb" /TLBID:1 /DYNAMICBASE /NXCOMPAT /IMPLIB:"c:\users\mmrod_000\documents\visual studio 2010\Projects\Vigenere_2\Debug\Vigenere_2.lib" /MACHINE:X86 Debug\main.obj
         Vigenere_2.vcxproj -> c:\users\mmrod_000\documents\visual studio 2010\Projects\Vigenere_2\Debug\Vigenere_2.exe
       Manifest:
         C:\Program Files (x86)\Microsoft SDKs\Windows\v7.0A\bin\mt.exe /nologo /verbose /outputresource:"c:\users\mmrod_000\documents\visual studio 2010\Projects\Vigenere_2\Debug\Vigenere_2.exe;#1" /manifest Debug\Vigenere_2.exe.intermediate.manifest
       FinalizeBuildStatus:
         Deleting file "Debug\Vigenere_2.unsuccessfulbuild".
         Touching "Debug\Vigenere_2.lastbuildstate".
     1>Done Building Project "c:\Users\mmrod_000\documents\visual studio 2010\Projects\Vigenere_2\Vigenere_2.vcxproj" (build target(s)).

Build succeeded.

Time Elapsed 00:00:01.39
