Build started 2013-11-17 17:02:49.
     1>Project "C:\Users\mmrod_000\Documents\Visual Studio 2010\Projects\Vigenere\Vigenere.vcxproj" on node 2 (build target(s)).
     1>InitializeBuildStatus:
         Creating "Release\Vigenere.unsuccessfulbuild" because "AlwaysCreate" was specified.
       ClCompile:
         c:\Program Files (x86)\Microsoft Visual Studio 10.0\VC\bin\CL.exe /c /Zi /nologo /W3 /WX- /O2 /Oi /Oy- /GL /D _MBCS /Gm- /EHsc /MD /GS /Gy /fp:precise /Zc:wchar_t /Zc:forScope /Fo"Release\\" /Fd"Release\vc100.pdb" /Gd /TP /analyze- /errorReport:prompt main.cpp
         main.cpp
     1>main.cpp(65): warning C4018: '<' : signed/unsigned mismatch
       Link:
         c:\Program Files (x86)\Microsoft Visual Studio 10.0\VC\bin\link.exe /ERRORREPORT:PROMPT /OUT:"C:\Users\mmrod_000\Documents\Visual Studio 2010\Projects\Vigenere\Release\Vigenere.exe" /NOLOGO kernel32.lib user32.lib gdi32.lib winspool.lib comdlg32.lib advapi32.lib shell32.lib ole32.lib oleaut32.lib uuid.lib odbc32.lib odbccp32.lib /MANIFEST /ManifestFile:"Release\Vigenere.exe.intermediate.manifest" /MANIFESTUAC:"level='asInvoker' uiAccess='false'" /DEBUG /PDB:"C:\Users\mmrod_000\Documents\Visual Studio 2010\Projects\Vigenere\Release\Vigenere.pdb" /OPT:REF /OPT:ICF /LTCG /TLBID:1 /DYNAMICBASE /NXCOMPAT /IMPLIB:"C:\Users\mmrod_000\Documents\Visual Studio 2010\Projects\Vigenere\Release\Vigenere.lib" /MACHINE:X86 Release\main.obj
         Generating code
         Finished generating code
         Vigenere.vcxproj -> C:\Users\mmrod_000\Documents\Visual Studio 2010\Projects\Vigenere\Release\Vigenere.exe
       Manifest:
         C:\Program Files (x86)\Microsoft SDKs\Windows\v7.0A\bin\mt.exe /nologo /verbose /outputresource:"C:\Users\mmrod_000\Documents\Visual Studio 2010\Projects\Vigenere\Release\Vigenere.exe;#1" /manifest Release\Vigenere.exe.intermediate.manifest
       FinalizeBuildStatus:
         Deleting file "Release\Vigenere.unsuccessfulbuild".
         Touching "Release\Vigenere.lastbuildstate".
     1>Done Building Project "C:\Users\mmrod_000\Documents\Visual Studio 2010\Projects\Vigenere\Vigenere.vcxproj" (build target(s)).

Build succeeded.

Time Elapsed 00:00:01.62
